<?xml version="1.0" encoding="UTF-8"?>
<testsuite xmlns:xsi="http://www.w3.org/2001/XMLSchema-instance" xsi:noNamespaceSchemaLocation="https://maven.apache.org/surefire/maven-surefire-plugin/xsd/surefire-test-report.xsd" name="com.shaoshuai.myblog.SpringBootConfigApplicationTests" time="53.581" tests="7" errors="1" skipped="0" failures="0">
  <properties>
    <property name="sun.desktop" value="windows"/>
    <property name="awt.toolkit" value="sun.awt.windows.WToolkit"/>
    <property name="file.encoding.pkg" value="sun.io"/>
    <property name="java.specification.version" value="1.8"/>
    <property name="sun.cpu.isalist" value="amd64"/>
    <property name="sun.jnu.encoding" value="GBK"/>
    <property name="java.class.path" value="E:\new-repository\myblog\target\test-classes;E:\new-repository\myblog\target\classes;D:\maven-repository\org\springframework\boot\spring-boot-starter-web\2.0.3.RELEASE\spring-boot-starter-web-2.0.3.RELEASE.jar;D:\maven-repository\org\springframework\boot\spring-boot-starter\2.0.3.RELEASE\spring-boot-starter-2.0.3.RELEASE.jar;D:\maven-repository\org\springframework\boot\spring-boot\2.0.3.RELEASE\spring-boot-2.0.3.RELEASE.jar;D:\maven-repository\javax\annotation\javax.annotation-api\1.3.2\javax.annotation-api-1.3.2.jar;D:\maven-repository\org\yaml\snakeyaml\1.19\snakeyaml-1.19.jar;D:\maven-repository\org\springframework\boot\spring-boot-starter-json\2.0.3.RELEASE\spring-boot-starter-json-2.0.3.RELEASE.jar;D:\maven-repository\com\fasterxml\jackson\datatype\jackson-datatype-jdk8\2.9.6\jackson-datatype-jdk8-2.9.6.jar;D:\maven-repository\com\fasterxml\jackson\datatype\jackson-datatype-jsr310\2.9.6\jackson-datatype-jsr310-2.9.6.jar;D:\maven-repository\com\fasterxml\jackson\module\jackson-module-parameter-names\2.9.6\jackson-module-parameter-names-2.9.6.jar;D:\maven-repository\org\springframework\boot\spring-boot-starter-tomcat\2.0.3.RELEASE\spring-boot-starter-tomcat-2.0.3.RELEASE.jar;D:\maven-repository\org\apache\tomcat\embed\tomcat-embed-core\8.5.31\tomcat-embed-core-8.5.31.jar;D:\maven-repository\org\apache\tomcat\embed\tomcat-embed-el\8.5.31\tomcat-embed-el-8.5.31.jar;D:\maven-repository\org\apache\tomcat\embed\tomcat-embed-websocket\8.5.31\tomcat-embed-websocket-8.5.31.jar;D:\maven-repository\org\hibernate\validator\hibernate-validator\6.0.10.Final\hibernate-validator-6.0.10.Final.jar;D:\maven-repository\javax\validation\validation-api\2.0.1.Final\validation-api-2.0.1.Final.jar;D:\maven-repository\org\jboss\logging\jboss-logging\3.3.2.Final\jboss-logging-3.3.2.Final.jar;D:\maven-repository\com\fasterxml\classmate\1.3.4\classmate-1.3.4.jar;D:\maven-repository\org\springframework\spring-web\5.0.7.RELEASE\spring-web-5.0.7.RELEASE.jar;D:\maven-repository\org\springframework\spring-beans\5.0.7.RELEASE\spring-beans-5.0.7.RELEASE.jar;D:\maven-repository\org\springframework\spring-webmvc\5.0.7.RELEASE\spring-webmvc-5.0.7.RELEASE.jar;D:\maven-repository\org\springframework\spring-aop\5.0.7.RELEASE\spring-aop-5.0.7.RELEASE.jar;D:\maven-repository\org\springframework\spring-expression\5.0.7.RELEASE\spring-expression-5.0.7.RELEASE.jar;D:\maven-repository\org\springframework\boot\spring-boot-starter-jdbc\2.0.3.RELEASE\spring-boot-starter-jdbc-2.0.3.RELEASE.jar;D:\maven-repository\com\zaxxer\HikariCP\2.7.9\HikariCP-2.7.9.jar;D:\maven-repository\org\springframework\spring-jdbc\5.0.7.RELEASE\spring-jdbc-5.0.7.RELEASE.jar;D:\maven-repository\org\springframework\spring-tx\5.0.7.RELEASE\spring-tx-5.0.7.RELEASE.jar;D:\maven-repository\com\alibaba\druid-spring-boot-starter\1.1.10\druid-spring-boot-starter-1.1.10.jar;D:\maven-repository\com\alibaba\druid\1.1.10\druid-1.1.10.jar;D:\maven-repository\org\slf4j\slf4j-api\1.7.25\slf4j-api-1.7.25.jar;D:\maven-repository\org\springframework\boot\spring-boot-autoconfigure\2.0.3.RELEASE\spring-boot-autoconfigure-2.0.3.RELEASE.jar;D:\maven-repository\mysql\mysql-connector-java\8.0.17\mysql-connector-java-8.0.17.jar;D:\maven-repository\com\google\protobuf\protobuf-java\3.6.1\protobuf-java-3.6.1.jar;D:\maven-repository\org\mybatis\spring\boot\mybatis-spring-boot-starter\1.3.1\mybatis-spring-boot-starter-1.3.1.jar;D:\maven-repository\org\mybatis\spring\boot\mybatis-spring-boot-autoconfigure\1.3.1\mybatis-spring-boot-autoconfigure-1.3.1.jar;D:\maven-repository\org\mybatis\mybatis\3.4.5\mybatis-3.4.5.jar;D:\maven-repository\org\mybatis\mybatis-spring\1.3.1\mybatis-spring-1.3.1.jar;D:\maven-repository\org\springframework\boot\spring-boot-starter-log4j2\2.0.3.RELEASE\spring-boot-starter-log4j2-2.0.3.RELEASE.jar;D:\maven-repository\org\apache\logging\log4j\log4j-slf4j-impl\2.10.0\log4j-slf4j-impl-2.10.0.jar;D:\maven-repository\org\apache\logging\log4j\log4j-api\2.10.0\log4j-api-2.10.0.jar;D:\maven-repository\org\apache\logging\log4j\log4j-core\2.10.0\log4j-core-2.10.0.jar;D:\maven-repository\org\apache\logging\log4j\log4j-jul\2.10.0\log4j-jul-2.10.0.jar;D:\maven-repository\org\slf4j\jul-to-slf4j\1.7.25\jul-to-slf4j-1.7.25.jar;D:\maven-repository\com\lmax\disruptor\3.4.2\disruptor-3.4.2.jar;D:\maven-repository\org\springframework\boot\spring-boot-configuration-processor\2.0.3.RELEASE\spring-boot-configuration-processor-2.0.3.RELEASE.jar;D:\maven-repository\org\springframework\boot\spring-boot-starter-test\2.0.3.RELEASE\spring-boot-starter-test-2.0.3.RELEASE.jar;D:\maven-repository\org\springframework\boot\spring-boot-test\2.0.3.RELEASE\spring-boot-test-2.0.3.RELEASE.jar;D:\maven-repository\org\springframework\boot\spring-boot-test-autoconfigure\2.0.3.RELEASE\spring-boot-test-autoconfigure-2.0.3.RELEASE.jar;D:\maven-repository\com\jayway\jsonpath\json-path\2.4.0\json-path-2.4.0.jar;D:\maven-repository\net\minidev\json-smart\2.3\json-smart-2.3.jar;D:\maven-repository\net\minidev\accessors-smart\1.2\accessors-smart-1.2.jar;D:\maven-repository\junit\junit\4.12\junit-4.12.jar;D:\maven-repository\org\assertj\assertj-core\3.9.1\assertj-core-3.9.1.jar;D:\maven-repository\org\mockito\mockito-core\2.15.0\mockito-core-2.15.0.jar;D:\maven-repository\net\bytebuddy\byte-buddy\1.7.11\byte-buddy-1.7.11.jar;D:\maven-repository\net\bytebuddy\byte-buddy-agent\1.7.11\byte-buddy-agent-1.7.11.jar;D:\maven-repository\org\objenesis\objenesis\2.6\objenesis-2.6.jar;D:\maven-repository\org\hamcrest\hamcrest-core\1.3\hamcrest-core-1.3.jar;D:\maven-repository\org\hamcrest\hamcrest-library\1.3\hamcrest-library-1.3.jar;D:\maven-repository\org\skyscreamer\jsonassert\1.5.0\jsonassert-1.5.0.jar;D:\maven-repository\com\vaadin\external\google\android-json\0.0.20131108.vaadin1\android-json-0.0.20131108.vaadin1.jar;D:\maven-repository\org\springframework\spring-core\5.0.7.RELEASE\spring-core-5.0.7.RELEASE.jar;D:\maven-repository\org\springframework\spring-jcl\5.0.7.RELEASE\spring-jcl-5.0.7.RELEASE.jar;D:\maven-repository\org\springframework\spring-test\5.0.7.RELEASE\spring-test-5.0.7.RELEASE.jar;D:\maven-repository\org\xmlunit\xmlunit-core\2.5.1\xmlunit-core-2.5.1.jar;D:\maven-repository\org\springframework\boot\spring-boot-starter-cache\2.0.3.RELEASE\spring-boot-starter-cache-2.0.3.RELEASE.jar;D:\maven-repository\org\springframework\spring-context\5.0.7.RELEASE\spring-context-5.0.7.RELEASE.jar;D:\maven-repository\org\springframework\spring-context-support\5.0.7.RELEASE\spring-context-support-5.0.7.RELEASE.jar;D:\maven-repository\org\springframework\boot\spring-boot-starter-data-redis\2.0.3.RELEASE\spring-boot-starter-data-redis-2.0.3.RELEASE.jar;D:\maven-repository\org\springframework\data\spring-data-redis\2.0.8.RELEASE\spring-data-redis-2.0.8.RELEASE.jar;D:\maven-repository\org\springframework\data\spring-data-keyvalue\2.0.8.RELEASE\spring-data-keyvalue-2.0.8.RELEASE.jar;D:\maven-repository\org\springframework\spring-oxm\5.0.7.RELEASE\spring-oxm-5.0.7.RELEASE.jar;D:\maven-repository\redis\clients\jedis\2.9.0\jedis-2.9.0.jar;D:\maven-repository\org\apache\commons\commons-pool2\2.5.0\commons-pool2-2.5.0.jar;D:\maven-repository\com\alibaba\fastjson\1.2.47\fastjson-1.2.47.jar;D:\maven-repository\org\springframework\boot\spring-boot-starter-amqp\2.0.3.RELEASE\spring-boot-starter-amqp-2.0.3.RELEASE.jar;D:\maven-repository\org\springframework\spring-messaging\5.0.7.RELEASE\spring-messaging-5.0.7.RELEASE.jar;D:\maven-repository\org\springframework\amqp\spring-rabbit\2.0.4.RELEASE\spring-rabbit-2.0.4.RELEASE.jar;D:\maven-repository\org\springframework\amqp\spring-amqp\2.0.4.RELEASE\spring-amqp-2.0.4.RELEASE.jar;D:\maven-repository\com\rabbitmq\amqp-client\5.1.2\amqp-client-5.1.2.jar;D:\maven-repository\org\springframework\retry\spring-retry\1.2.2.RELEASE\spring-retry-1.2.2.RELEASE.jar;D:\maven-repository\org\springframework\boot\spring-boot-starter-data-elasticsearch\2.0.3.RELEASE\spring-boot-starter-data-elasticsearch-2.0.3.RELEASE.jar;D:\maven-repository\org\springframework\data\spring-data-elasticsearch\3.0.8.RELEASE\spring-data-elasticsearch-3.0.8.RELEASE.jar;D:\maven-repository\org\springframework\data\spring-data-commons\2.0.8.RELEASE\spring-data-commons-2.0.8.RELEASE.jar;D:\maven-repository\joda-time\joda-time\2.9.9\joda-time-2.9.9.jar;D:\maven-repository\org\elasticsearch\elasticsearch\5.6.10\elasticsearch-5.6.10.jar;D:\maven-repository\org\apache\lucene\lucene-core\6.6.1\lucene-core-6.6.1.jar;D:\maven-repository\org\apache\lucene\lucene-analyzers-common\6.6.1\lucene-analyzers-common-6.6.1.jar;D:\maven-repository\org\apache\lucene\lucene-backward-codecs\6.6.1\lucene-backward-codecs-6.6.1.jar;D:\maven-repository\org\apache\lucene\lucene-grouping\6.6.1\lucene-grouping-6.6.1.jar;D:\maven-repository\org\apache\lucene\lucene-highlighter\6.6.1\lucene-highlighter-6.6.1.jar;D:\maven-repository\org\apache\lucene\lucene-join\6.6.1\lucene-join-6.6.1.jar;D:\maven-repository\org\apache\lucene\lucene-memory\6.6.1\lucene-memory-6.6.1.jar;D:\maven-repository\org\apache\lucene\lucene-misc\6.6.1\lucene-misc-6.6.1.jar;D:\maven-repository\org\apache\lucene\lucene-queries\6.6.1\lucene-queries-6.6.1.jar;D:\maven-repository\org\apache\lucene\lucene-queryparser\6.6.1\lucene-queryparser-6.6.1.jar;D:\maven-repository\org\apache\lucene\lucene-sandbox\6.6.1\lucene-sandbox-6.6.1.jar;D:\maven-repository\org\apache\lucene\lucene-spatial\6.6.1\lucene-spatial-6.6.1.jar;D:\maven-repository\org\apache\lucene\lucene-spatial-extras\6.6.1\lucene-spatial-extras-6.6.1.jar;D:\maven-repository\org\apache\lucene\lucene-spatial3d\6.6.1\lucene-spatial3d-6.6.1.jar;D:\maven-repository\org\apache\lucene\lucene-suggest\6.6.1\lucene-suggest-6.6.1.jar;D:\maven-repository\org\elasticsearch\securesm\1.2\securesm-1.2.jar;D:\maven-repository\net\sf\jopt-simple\jopt-simple\5.0.2\jopt-simple-5.0.2.jar;D:\maven-repository\com\carrotsearch\hppc\0.7.1\hppc-0.7.1.jar;D:\maven-repository\com\fasterxml\jackson\dataformat\jackson-dataformat-smile\2.9.6\jackson-dataformat-smile-2.9.6.jar;D:\maven-repository\com\fasterxml\jackson\dataformat\jackson-dataformat-yaml\2.9.6\jackson-dataformat-yaml-2.9.6.jar;D:\maven-repository\com\fasterxml\jackson\dataformat\jackson-dataformat-cbor\2.9.6\jackson-dataformat-cbor-2.9.6.jar;D:\maven-repository\com\tdunning\t-digest\3.0\t-digest-3.0.jar;D:\maven-repository\org\hdrhistogram\HdrHistogram\2.1.9\HdrHistogram-2.1.9.jar;D:\maven-repository\org\elasticsearch\jna\4.4.0-1\jna-4.4.0-1.jar;D:\maven-repository\org\elasticsearch\client\transport\5.6.10\transport-5.6.10.jar;D:\maven-repository\org\elasticsearch\plugin\reindex-client\5.6.10\reindex-client-5.6.10.jar;D:\maven-repository\org\elasticsearch\client\elasticsearch-rest-client\5.6.10\elasticsearch-rest-client-5.6.10.jar;D:\maven-repository\org\apache\httpcomponents\httpclient\4.5.5\httpclient-4.5.5.jar;D:\maven-repository\org\apache\httpcomponents\httpcore\4.4.9\httpcore-4.4.9.jar;D:\maven-repository\org\apache\httpcomponents\httpasyncclient\4.1.3\httpasyncclient-4.1.3.jar;D:\maven-repository\org\apache\httpcomponents\httpcore-nio\4.4.9\httpcore-nio-4.4.9.jar;D:\maven-repository\commons-codec\commons-codec\1.11\commons-codec-1.11.jar;D:\maven-repository\org\elasticsearch\plugin\lang-mustache-client\5.6.10\lang-mustache-client-5.6.10.jar;D:\maven-repository\com\github\spullara\mustache\java\compiler\0.9.3\compiler-0.9.3.jar;D:\maven-repository\org\elasticsearch\plugin\percolator-client\5.6.10\percolator-client-5.6.10.jar;D:\maven-repository\org\elasticsearch\plugin\parent-join-client\5.6.10\parent-join-client-5.6.10.jar;D:\maven-repository\org\elasticsearch\plugin\transport-netty4-client\5.6.10\transport-netty4-client-5.6.10.jar;D:\maven-repository\io\netty\netty-buffer\4.1.25.Final\netty-buffer-4.1.25.Final.jar;D:\maven-repository\io\netty\netty-codec\4.1.25.Final\netty-codec-4.1.25.Final.jar;D:\maven-repository\io\netty\netty-codec-http\4.1.25.Final\netty-codec-http-4.1.25.Final.jar;D:\maven-repository\io\netty\netty-common\4.1.25.Final\netty-common-4.1.25.Final.jar;D:\maven-repository\io\netty\netty-handler\4.1.25.Final\netty-handler-4.1.25.Final.jar;D:\maven-repository\io\netty\netty-resolver\4.1.25.Final\netty-resolver-4.1.25.Final.jar;D:\maven-repository\io\netty\netty-transport\4.1.25.Final\netty-transport-4.1.25.Final.jar;D:\maven-repository\org\locationtech\spatial4j\spatial4j\0.6\spatial4j-0.6.jar;D:\maven-repository\com\vividsolutions\jts\1.13\jts-1.13.jar;D:\maven-repository\com\fasterxml\jackson\core\jackson-core\2.9.6\jackson-core-2.9.6.jar;D:\maven-repository\org\springframework\boot\spring-boot-starter-mail\2.0.3.RELEASE\spring-boot-starter-mail-2.0.3.RELEASE.jar;D:\maven-repository\com\sun\mail\javax.mail\1.6.1\javax.mail-1.6.1.jar;D:\maven-repository\javax\activation\activation\1.1\activation-1.1.jar;D:\maven-repository\io\jsonwebtoken\jjwt\0.9.1\jjwt-0.9.1.jar;D:\maven-repository\com\fasterxml\jackson\core\jackson-databind\2.9.6\jackson-databind-2.9.6.jar;D:\maven-repository\com\fasterxml\jackson\core\jackson-annotations\2.9.0\jackson-annotations-2.9.0.jar;D:\maven-repository\net\sf\json-lib\json-lib\2.4\json-lib-2.4-jdk15.jar;D:\maven-repository\commons-beanutils\commons-beanutils\1.8.0\commons-beanutils-1.8.0.jar;D:\maven-repository\commons-collections\commons-collections\3.2.1\commons-collections-3.2.1.jar;D:\maven-repository\commons-lang\commons-lang\2.5\commons-lang-2.5.jar;D:\maven-repository\commons-logging\commons-logging\1.1.1\commons-logging-1.1.1.jar;D:\maven-repository\org\apache\shiro\shiro-spring\1.4.0\shiro-spring-1.4.0.jar;D:\maven-repository\org\apache\shiro\shiro-core\1.4.0\shiro-core-1.4.0.jar;D:\maven-repository\org\apache\shiro\shiro-lang\1.4.0\shiro-lang-1.4.0.jar;D:\maven-repository\org\apache\shiro\shiro-cache\1.4.0\shiro-cache-1.4.0.jar;D:\maven-repository\org\apache\shiro\shiro-crypto-hash\1.4.0\shiro-crypto-hash-1.4.0.jar;D:\maven-repository\org\apache\shiro\shiro-crypto-core\1.4.0\shiro-crypto-core-1.4.0.jar;D:\maven-repository\org\apache\shiro\shiro-crypto-cipher\1.4.0\shiro-crypto-cipher-1.4.0.jar;D:\maven-repository\org\apache\shiro\shiro-config-core\1.4.0\shiro-config-core-1.4.0.jar;D:\maven-repository\org\apache\shiro\shiro-config-ogdl\1.4.0\shiro-config-ogdl-1.4.0.jar;D:\maven-repository\org\apache\shiro\shiro-event\1.4.0\shiro-event-1.4.0.jar;D:\maven-repository\org\apache\shiro\shiro-web\1.4.0\shiro-web-1.4.0.jar;D:\maven-repository\org\apache\shiro\shiro-ehcache\1.3.2\shiro-ehcache-1.3.2.jar;D:\maven-repository\net\sf\ehcache\ehcache-core\2.5.3\ehcache-core-2.5.3.jar;D:\maven-repository\org\springframework\mobile\spring-mobile-device\1.1.3.RELEASE\spring-mobile-device-1.1.3.RELEASE.jar;D:\maven-repository\eu\bitwalker\UserAgentUtils\1.20\UserAgentUtils-1.20.jar;D:\maven-repository\com\ibeetl\beetl\2.7.15\beetl-2.7.15.jar;D:\maven-repository\org\antlr\antlr4-runtime\4.2\antlr4-runtime-4.2.jar;D:\maven-repository\org\abego\treelayout\org.abego.treelayout.core\1.0.1\org.abego.treelayout.core-1.0.1.jar;D:\maven-repository\org\antlr\antlr4-annotations\4.2\antlr4-annotations-4.2.jar;D:\maven-repository\net\sf\ezmorph\ezmorph\1.0.6\ezmorph-1.0.6.jar;D:\maven-repository\org\springframework\boot\spring-boot-starter-websocket\2.0.3.RELEASE\spring-boot-starter-websocket-2.0.3.RELEASE.jar;D:\maven-repository\org\springframework\spring-websocket\5.0.7.RELEASE\spring-websocket-5.0.7.RELEASE.jar;"/>
    <property name="java.vm.vendor" value="Oracle Corporation"/>
    <property name="sun.arch.data.model" value="64"/>
    <property name="user.variant" value=""/>
    <property name="java.vendor.url" value="http://java.oracle.com/"/>
    <property name="user.timezone" value=""/>
    <property name="java.vm.specification.version" value="1.8"/>
    <property name="os.name" value="Windows 10"/>
    <property name="user.country" value="CN"/>
    <property name="sun.java.launcher" value="SUN_STANDARD"/>
    <property name="sun.boot.library.path" value="C:\Program Files\Java\jdk1.8.0_101\jre\bin"/>
    <property name="sun.java.command" value="C:\Users\61035\AppData\Local\Temp\surefire3327676156510772639\surefirebooter3844231286563188261.jar C:\Users\61035\AppData\Local\Temp\surefire3327676156510772639 2019-11-09T15-09-26_812-jvmRun1 surefire8297012462367034817tmp surefire_07924321355117759865tmp"/>
    <property name="surefire.test.class.path" value="E:\new-repository\myblog\target\test-classes;E:\new-repository\myblog\target\classes;D:\maven-repository\org\springframework\boot\spring-boot-starter-web\2.0.3.RELEASE\spring-boot-starter-web-2.0.3.RELEASE.jar;D:\maven-repository\org\springframework\boot\spring-boot-starter\2.0.3.RELEASE\spring-boot-starter-2.0.3.RELEASE.jar;D:\maven-repository\org\springframework\boot\spring-boot\2.0.3.RELEASE\spring-boot-2.0.3.RELEASE.jar;D:\maven-repository\javax\annotation\javax.annotation-api\1.3.2\javax.annotation-api-1.3.2.jar;D:\maven-repository\org\yaml\snakeyaml\1.19\snakeyaml-1.19.jar;D:\maven-repository\org\springframework\boot\spring-boot-starter-json\2.0.3.RELEASE\spring-boot-starter-json-2.0.3.RELEASE.jar;D:\maven-repository\com\fasterxml\jackson\datatype\jackson-datatype-jdk8\2.9.6\jackson-datatype-jdk8-2.9.6.jar;D:\maven-repository\com\fasterxml\jackson\datatype\jackson-datatype-jsr310\2.9.6\jackson-datatype-jsr310-2.9.6.jar;D:\maven-repository\com\fasterxml\jackson\module\jackson-module-parameter-names\2.9.6\jackson-module-parameter-names-2.9.6.jar;D:\maven-repository\org\springframework\boot\spring-boot-starter-tomcat\2.0.3.RELEASE\spring-boot-starter-tomcat-2.0.3.RELEASE.jar;D:\maven-repository\org\apache\tomcat\embed\tomcat-embed-core\8.5.31\tomcat-embed-core-8.5.31.jar;D:\maven-repository\org\apache\tomcat\embed\tomcat-embed-el\8.5.31\tomcat-embed-el-8.5.31.jar;D:\maven-repository\org\apache\tomcat\embed\tomcat-embed-websocket\8.5.31\tomcat-embed-websocket-8.5.31.jar;D:\maven-repository\org\hibernate\validator\hibernate-validator\6.0.10.Final\hibernate-validator-6.0.10.Final.jar;D:\maven-repository\javax\validation\validation-api\2.0.1.Final\validation-api-2.0.1.Final.jar;D:\maven-repository\org\jboss\logging\jboss-logging\3.3.2.Final\jboss-logging-3.3.2.Final.jar;D:\maven-repository\com\fasterxml\classmate\1.3.4\classmate-1.3.4.jar;D:\maven-repository\org\springframework\spring-web\5.0.7.RELEASE\spring-web-5.0.7.RELEASE.jar;D:\maven-repository\org\springframework\spring-beans\5.0.7.RELEASE\spring-beans-5.0.7.RELEASE.jar;D:\maven-repository\org\springframework\spring-webmvc\5.0.7.RELEASE\spring-webmvc-5.0.7.RELEASE.jar;D:\maven-repository\org\springframework\spring-aop\5.0.7.RELEASE\spring-aop-5.0.7.RELEASE.jar;D:\maven-repository\org\springframework\spring-expression\5.0.7.RELEASE\spring-expression-5.0.7.RELEASE.jar;D:\maven-repository\org\springframework\boot\spring-boot-starter-jdbc\2.0.3.RELEASE\spring-boot-starter-jdbc-2.0.3.RELEASE.jar;D:\maven-repository\com\zaxxer\HikariCP\2.7.9\HikariCP-2.7.9.jar;D:\maven-repository\org\springframework\spring-jdbc\5.0.7.RELEASE\spring-jdbc-5.0.7.RELEASE.jar;D:\maven-repository\org\springframework\spring-tx\5.0.7.RELEASE\spring-tx-5.0.7.RELEASE.jar;D:\maven-repository\com\alibaba\druid-spring-boot-starter\1.1.10\druid-spring-boot-starter-1.1.10.jar;D:\maven-repository\com\alibaba\druid\1.1.10\druid-1.1.10.jar;D:\maven-repository\org\slf4j\slf4j-api\1.7.25\slf4j-api-1.7.25.jar;D:\maven-repository\org\springframework\boot\spring-boot-autoconfigure\2.0.3.RELEASE\spring-boot-autoconfigure-2.0.3.RELEASE.jar;D:\maven-repository\mysql\mysql-connector-java\8.0.17\mysql-connector-java-8.0.17.jar;D:\maven-repository\com\google\protobuf\protobuf-java\3.6.1\protobuf-java-3.6.1.jar;D:\maven-repository\org\mybatis\spring\boot\mybatis-spring-boot-starter\1.3.1\mybatis-spring-boot-starter-1.3.1.jar;D:\maven-repository\org\mybatis\spring\boot\mybatis-spring-boot-autoconfigure\1.3.1\mybatis-spring-boot-autoconfigure-1.3.1.jar;D:\maven-repository\org\mybatis\mybatis\3.4.5\mybatis-3.4.5.jar;D:\maven-repository\org\mybatis\mybatis-spring\1.3.1\mybatis-spring-1.3.1.jar;D:\maven-repository\org\springframework\boot\spring-boot-starter-log4j2\2.0.3.RELEASE\spring-boot-starter-log4j2-2.0.3.RELEASE.jar;D:\maven-repository\org\apache\logging\log4j\log4j-slf4j-impl\2.10.0\log4j-slf4j-impl-2.10.0.jar;D:\maven-repository\org\apache\logging\log4j\log4j-api\2.10.0\log4j-api-2.10.0.jar;D:\maven-repository\org\apache\logging\log4j\log4j-core\2.10.0\log4j-core-2.10.0.jar;D:\maven-repository\org\apache\logging\log4j\log4j-jul\2.10.0\log4j-jul-2.10.0.jar;D:\maven-repository\org\slf4j\jul-to-slf4j\1.7.25\jul-to-slf4j-1.7.25.jar;D:\maven-repository\com\lmax\disruptor\3.4.2\disruptor-3.4.2.jar;D:\maven-repository\org\springframework\boot\spring-boot-configuration-processor\2.0.3.RELEASE\spring-boot-configuration-processor-2.0.3.RELEASE.jar;D:\maven-repository\org\springframework\boot\spring-boot-starter-test\2.0.3.RELEASE\spring-boot-starter-test-2.0.3.RELEASE.jar;D:\maven-repository\org\springframework\boot\spring-boot-test\2.0.3.RELEASE\spring-boot-test-2.0.3.RELEASE.jar;D:\maven-repository\org\springframework\boot\spring-boot-test-autoconfigure\2.0.3.RELEASE\spring-boot-test-autoconfigure-2.0.3.RELEASE.jar;D:\maven-repository\com\jayway\jsonpath\json-path\2.4.0\json-path-2.4.0.jar;D:\maven-repository\net\minidev\json-smart\2.3\json-smart-2.3.jar;D:\maven-repository\net\minidev\accessors-smart\1.2\accessors-smart-1.2.jar;D:\maven-repository\junit\junit\4.12\junit-4.12.jar;D:\maven-repository\org\assertj\assertj-core\3.9.1\assertj-core-3.9.1.jar;D:\maven-repository\org\mockito\mockito-core\2.15.0\mockito-core-2.15.0.jar;D:\maven-repository\net\bytebuddy\byte-buddy\1.7.11\byte-buddy-1.7.11.jar;D:\maven-repository\net\bytebuddy\byte-buddy-agent\1.7.11\byte-buddy-agent-1.7.11.jar;D:\maven-repository\org\objenesis\objenesis\2.6\objenesis-2.6.jar;D:\maven-repository\org\hamcrest\hamcrest-core\1.3\hamcrest-core-1.3.jar;D:\maven-repository\org\hamcrest\hamcrest-library\1.3\hamcrest-library-1.3.jar;D:\maven-repository\org\skyscreamer\jsonassert\1.5.0\jsonassert-1.5.0.jar;D:\maven-repository\com\vaadin\external\google\android-json\0.0.20131108.vaadin1\android-json-0.0.20131108.vaadin1.jar;D:\maven-repository\org\springframework\spring-core\5.0.7.RELEASE\spring-core-5.0.7.RELEASE.jar;D:\maven-repository\org\springframework\spring-jcl\5.0.7.RELEASE\spring-jcl-5.0.7.RELEASE.jar;D:\maven-repository\org\springframework\spring-test\5.0.7.RELEASE\spring-test-5.0.7.RELEASE.jar;D:\maven-repository\org\xmlunit\xmlunit-core\2.5.1\xmlunit-core-2.5.1.jar;D:\maven-repository\org\springframework\boot\spring-boot-starter-cache\2.0.3.RELEASE\spring-boot-starter-cache-2.0.3.RELEASE.jar;D:\maven-repository\org\springframework\spring-context\5.0.7.RELEASE\spring-context-5.0.7.RELEASE.jar;D:\maven-repository\org\springframework\spring-context-support\5.0.7.RELEASE\spring-context-support-5.0.7.RELEASE.jar;D:\maven-repository\org\springframework\boot\spring-boot-starter-data-redis\2.0.3.RELEASE\spring-boot-starter-data-redis-2.0.3.RELEASE.jar;D:\maven-repository\org\springframework\data\spring-data-redis\2.0.8.RELEASE\spring-data-redis-2.0.8.RELEASE.jar;D:\maven-repository\org\springframework\data\spring-data-keyvalue\2.0.8.RELEASE\spring-data-keyvalue-2.0.8.RELEASE.jar;D:\maven-repository\org\springframework\spring-oxm\5.0.7.RELEASE\spring-oxm-5.0.7.RELEASE.jar;D:\maven-repository\redis\clients\jedis\2.9.0\jedis-2.9.0.jar;D:\maven-repository\org\apache\commons\commons-pool2\2.5.0\commons-pool2-2.5.0.jar;D:\maven-repository\com\alibaba\fastjson\1.2.47\fastjson-1.2.47.jar;D:\maven-repository\org\springframework\boot\spring-boot-starter-amqp\2.0.3.RELEASE\spring-boot-starter-amqp-2.0.3.RELEASE.jar;D:\maven-repository\org\springframework\spring-messaging\5.0.7.RELEASE\spring-messaging-5.0.7.RELEASE.jar;D:\maven-repository\org\springframework\amqp\spring-rabbit\2.0.4.RELEASE\spring-rabbit-2.0.4.RELEASE.jar;D:\maven-repository\org\springframework\amqp\spring-amqp\2.0.4.RELEASE\spring-amqp-2.0.4.RELEASE.jar;D:\maven-repository\com\rabbitmq\amqp-client\5.1.2\amqp-client-5.1.2.jar;D:\maven-repository\org\springframework\retry\spring-retry\1.2.2.RELEASE\spring-retry-1.2.2.RELEASE.jar;D:\maven-repository\org\springframework\boot\spring-boot-starter-data-elasticsearch\2.0.3.RELEASE\spring-boot-starter-data-elasticsearch-2.0.3.RELEASE.jar;D:\maven-repository\org\springframework\data\spring-data-elasticsearch\3.0.8.RELEASE\spring-data-elasticsearch-3.0.8.RELEASE.jar;D:\maven-repository\org\springframework\data\spring-data-commons\2.0.8.RELEASE\spring-data-commons-2.0.8.RELEASE.jar;D:\maven-repository\joda-time\joda-time\2.9.9\joda-time-2.9.9.jar;D:\maven-repository\org\elasticsearch\elasticsearch\5.6.10\elasticsearch-5.6.10.jar;D:\maven-repository\org\apache\lucene\lucene-core\6.6.1\lucene-core-6.6.1.jar;D:\maven-repository\org\apache\lucene\lucene-analyzers-common\6.6.1\lucene-analyzers-common-6.6.1.jar;D:\maven-repository\org\apache\lucene\lucene-backward-codecs\6.6.1\lucene-backward-codecs-6.6.1.jar;D:\maven-repository\org\apache\lucene\lucene-grouping\6.6.1\lucene-grouping-6.6.1.jar;D:\maven-repository\org\apache\lucene\lucene-highlighter\6.6.1\lucene-highlighter-6.6.1.jar;D:\maven-repository\org\apache\lucene\lucene-join\6.6.1\lucene-join-6.6.1.jar;D:\maven-repository\org\apache\lucene\lucene-memory\6.6.1\lucene-memory-6.6.1.jar;D:\maven-repository\org\apache\lucene\lucene-misc\6.6.1\lucene-misc-6.6.1.jar;D:\maven-repository\org\apache\lucene\lucene-queries\6.6.1\lucene-queries-6.6.1.jar;D:\maven-repository\org\apache\lucene\lucene-queryparser\6.6.1\lucene-queryparser-6.6.1.jar;D:\maven-repository\org\apache\lucene\lucene-sandbox\6.6.1\lucene-sandbox-6.6.1.jar;D:\maven-repository\org\apache\lucene\lucene-spatial\6.6.1\lucene-spatial-6.6.1.jar;D:\maven-repository\org\apache\lucene\lucene-spatial-extras\6.6.1\lucene-spatial-extras-6.6.1.jar;D:\maven-repository\org\apache\lucene\lucene-spatial3d\6.6.1\lucene-spatial3d-6.6.1.jar;D:\maven-repository\org\apache\lucene\lucene-suggest\6.6.1\lucene-suggest-6.6.1.jar;D:\maven-repository\org\elasticsearch\securesm\1.2\securesm-1.2.jar;D:\maven-repository\net\sf\jopt-simple\jopt-simple\5.0.2\jopt-simple-5.0.2.jar;D:\maven-repository\com\carrotsearch\hppc\0.7.1\hppc-0.7.1.jar;D:\maven-repository\com\fasterxml\jackson\dataformat\jackson-dataformat-smile\2.9.6\jackson-dataformat-smile-2.9.6.jar;D:\maven-repository\com\fasterxml\jackson\dataformat\jackson-dataformat-yaml\2.9.6\jackson-dataformat-yaml-2.9.6.jar;D:\maven-repository\com\fasterxml\jackson\dataformat\jackson-dataformat-cbor\2.9.6\jackson-dataformat-cbor-2.9.6.jar;D:\maven-repository\com\tdunning\t-digest\3.0\t-digest-3.0.jar;D:\maven-repository\org\hdrhistogram\HdrHistogram\2.1.9\HdrHistogram-2.1.9.jar;D:\maven-repository\org\elasticsearch\jna\4.4.0-1\jna-4.4.0-1.jar;D:\maven-repository\org\elasticsearch\client\transport\5.6.10\transport-5.6.10.jar;D:\maven-repository\org\elasticsearch\plugin\reindex-client\5.6.10\reindex-client-5.6.10.jar;D:\maven-repository\org\elasticsearch\client\elasticsearch-rest-client\5.6.10\elasticsearch-rest-client-5.6.10.jar;D:\maven-repository\org\apache\httpcomponents\httpclient\4.5.5\httpclient-4.5.5.jar;D:\maven-repository\org\apache\httpcomponents\httpcore\4.4.9\httpcore-4.4.9.jar;D:\maven-repository\org\apache\httpcomponents\httpasyncclient\4.1.3\httpasyncclient-4.1.3.jar;D:\maven-repository\org\apache\httpcomponents\httpcore-nio\4.4.9\httpcore-nio-4.4.9.jar;D:\maven-repository\commons-codec\commons-codec\1.11\commons-codec-1.11.jar;D:\maven-repository\org\elasticsearch\plugin\lang-mustache-client\5.6.10\lang-mustache-client-5.6.10.jar;D:\maven-repository\com\github\spullara\mustache\java\compiler\0.9.3\compiler-0.9.3.jar;D:\maven-repository\org\elasticsearch\plugin\percolator-client\5.6.10\percolator-client-5.6.10.jar;D:\maven-repository\org\elasticsearch\plugin\parent-join-client\5.6.10\parent-join-client-5.6.10.jar;D:\maven-repository\org\elasticsearch\plugin\transport-netty4-client\5.6.10\transport-netty4-client-5.6.10.jar;D:\maven-repository\io\netty\netty-buffer\4.1.25.Final\netty-buffer-4.1.25.Final.jar;D:\maven-repository\io\netty\netty-codec\4.1.25.Final\netty-codec-4.1.25.Final.jar;D:\maven-repository\io\netty\netty-codec-http\4.1.25.Final\netty-codec-http-4.1.25.Final.jar;D:\maven-repository\io\netty\netty-common\4.1.25.Final\netty-common-4.1.25.Final.jar;D:\maven-repository\io\netty\netty-handler\4.1.25.Final\netty-handler-4.1.25.Final.jar;D:\maven-repository\io\netty\netty-resolver\4.1.25.Final\netty-resolver-4.1.25.Final.jar;D:\maven-repository\io\netty\netty-transport\4.1.25.Final\netty-transport-4.1.25.Final.jar;D:\maven-repository\org\locationtech\spatial4j\spatial4j\0.6\spatial4j-0.6.jar;D:\maven-repository\com\vividsolutions\jts\1.13\jts-1.13.jar;D:\maven-repository\com\fasterxml\jackson\core\jackson-core\2.9.6\jackson-core-2.9.6.jar;D:\maven-repository\org\springframework\boot\spring-boot-starter-mail\2.0.3.RELEASE\spring-boot-starter-mail-2.0.3.RELEASE.jar;D:\maven-repository\com\sun\mail\javax.mail\1.6.1\javax.mail-1.6.1.jar;D:\maven-repository\javax\activation\activation\1.1\activation-1.1.jar;D:\maven-repository\io\jsonwebtoken\jjwt\0.9.1\jjwt-0.9.1.jar;D:\maven-repository\com\fasterxml\jackson\core\jackson-databind\2.9.6\jackson-databind-2.9.6.jar;D:\maven-repository\com\fasterxml\jackson\core\jackson-annotations\2.9.0\jackson-annotations-2.9.0.jar;D:\maven-repository\net\sf\json-lib\json-lib\2.4\json-lib-2.4-jdk15.jar;D:\maven-repository\commons-beanutils\commons-beanutils\1.8.0\commons-beanutils-1.8.0.jar;D:\maven-repository\commons-collections\commons-collections\3.2.1\commons-collections-3.2.1.jar;D:\maven-repository\commons-lang\commons-lang\2.5\commons-lang-2.5.jar;D:\maven-repository\commons-logging\commons-logging\1.1.1\commons-logging-1.1.1.jar;D:\maven-repository\org\apache\shiro\shiro-spring\1.4.0\shiro-spring-1.4.0.jar;D:\maven-repository\org\apache\shiro\shiro-core\1.4.0\shiro-core-1.4.0.jar;D:\maven-repository\org\apache\shiro\shiro-lang\1.4.0\shiro-lang-1.4.0.jar;D:\maven-repository\org\apache\shiro\shiro-cache\1.4.0\shiro-cache-1.4.0.jar;D:\maven-repository\org\apache\shiro\shiro-crypto-hash\1.4.0\shiro-crypto-hash-1.4.0.jar;D:\maven-repository\org\apache\shiro\shiro-crypto-core\1.4.0\shiro-crypto-core-1.4.0.jar;D:\maven-repository\org\apache\shiro\shiro-crypto-cipher\1.4.0\shiro-crypto-cipher-1.4.0.jar;D:\maven-repository\org\apache\shiro\shiro-config-core\1.4.0\shiro-config-core-1.4.0.jar;D:\maven-repository\org\apache\shiro\shiro-config-ogdl\1.4.0\shiro-config-ogdl-1.4.0.jar;D:\maven-repository\org\apache\shiro\shiro-event\1.4.0\shiro-event-1.4.0.jar;D:\maven-repository\org\apache\shiro\shiro-web\1.4.0\shiro-web-1.4.0.jar;D:\maven-repository\org\apache\shiro\shiro-ehcache\1.3.2\shiro-ehcache-1.3.2.jar;D:\maven-repository\net\sf\ehcache\ehcache-core\2.5.3\ehcache-core-2.5.3.jar;D:\maven-repository\org\springframework\mobile\spring-mobile-device\1.1.3.RELEASE\spring-mobile-device-1.1.3.RELEASE.jar;D:\maven-repository\eu\bitwalker\UserAgentUtils\1.20\UserAgentUtils-1.20.jar;D:\maven-repository\com\ibeetl\beetl\2.7.15\beetl-2.7.15.jar;D:\maven-repository\org\antlr\antlr4-runtime\4.2\antlr4-runtime-4.2.jar;D:\maven-repository\org\abego\treelayout\org.abego.treelayout.core\1.0.1\org.abego.treelayout.core-1.0.1.jar;D:\maven-repository\org\antlr\antlr4-annotations\4.2\antlr4-annotations-4.2.jar;D:\maven-repository\net\sf\ezmorph\ezmorph\1.0.6\ezmorph-1.0.6.jar;D:\maven-repository\org\springframework\boot\spring-boot-starter-websocket\2.0.3.RELEASE\spring-boot-starter-websocket-2.0.3.RELEASE.jar;D:\maven-repository\org\springframework\spring-websocket\5.0.7.RELEASE\spring-websocket-5.0.7.RELEASE.jar;"/>
    <property name="sun.cpu.endian" value="little"/>
    <property name="user.home" value="C:\Users\61035"/>
    <property name="user.language" value="zh"/>
    <property name="java.specification.vendor" value="Oracle Corporation"/>
    <property name="java.home" value="C:\Program Files\Java\jdk1.8.0_101\jre"/>
    <property name="basedir" value="E:\new-repository\myblog"/>
    <property name="file.separator" value="\"/>
    <property name="line.separator" value="&#10;"/>
    <property name="java.vm.specification.vendor" value="Oracle Corporation"/>
    <property name="java.specification.name" value="Java Platform API Specification"/>
    <property name="java.awt.graphicsenv" value="sun.awt.Win32GraphicsEnvironment"/>
    <property name="surefire.real.class.path" value="C:\Users\61035\AppData\Local\Temp\surefire3327676156510772639\surefirebooter3844231286563188261.jar"/>
    <property name="sun.boot.class.path" value="C:\Program Files\Java\jdk1.8.0_101\jre\lib\resources.jar;C:\Program Files\Java\jdk1.8.0_101\jre\lib\rt.jar;C:\Program Files\Java\jdk1.8.0_101\jre\lib\sunrsasign.jar;C:\Program Files\Java\jdk1.8.0_101\jre\lib\jsse.jar;C:\Program Files\Java\jdk1.8.0_101\jre\lib\jce.jar;C:\Program Files\Java\jdk1.8.0_101\jre\lib\charsets.jar;C:\Program Files\Java\jdk1.8.0_101\jre\lib\jfr.jar;C:\Program Files\Java\jdk1.8.0_101\jre\classes"/>
    <property name="user.script" value=""/>
    <property name="sun.management.compiler" value="HotSpot 64-Bit Tiered Compilers"/>
    <property name="java.runtime.version" value="1.8.0_101-b13"/>
    <property name="user.name" value="61035"/>
    <property name="path.separator" value=";"/>
    <property name="os.version" value="10.0"/>
    <property name="java.endorsed.dirs" value="C:\Program Files\Java\jdk1.8.0_101\jre\lib\endorsed"/>
    <property name="java.runtime.name" value="Java(TM) SE Runtime Environment"/>
    <property name="file.encoding" value="GBK"/>
    <property name="java.vm.name" value="Java HotSpot(TM) 64-Bit Server VM"/>
    <property name="localRepository" value="D:\maven-repository"/>
    <property name="java.vendor.url.bug" value="http://bugreport.sun.com/bugreport/"/>
    <property name="java.io.tmpdir" value="C:\Users\61035\AppData\Local\Temp\"/>
    <property name="java.version" value="1.8.0_101"/>
    <property name="user.dir" value="E:\new-repository\myblog"/>
    <property name="os.arch" value="amd64"/>
    <property name="java.vm.specification.name" value="Java Virtual Machine Specification"/>
    <property name="java.awt.printerjob" value="sun.awt.windows.WPrinterJob"/>
    <property name="sun.os.patch.level" value=""/>
    <property name="idea.version2019.2" value="true"/>
    <property name="java.library.path" value="C:\Program Files\Java\jdk1.8.0_101\jre\bin;C:\Windows\Sun\Java\bin;C:\Windows\system32;C:\Windows;D:\IntelliJ IDEA 2019.2\jbr\\bin;D:\IntelliJ IDEA 2019.2\jbr\\bin\server;C:\ProgramData\Oracle\Java\javapath;C:\Windows\system32;C:\Windows;C:\Windows\System32\Wbem;C:\Windows\System32\WindowsPowerShell\v1.0\;C:\Windows\System32\OpenSSH\;D:\apache-tomcat-78080\lib;D:\apache-tomcat-78080\bin;D:\apache-tomcat-78081\lib;D:\apache-tomcat-78081\bin;D:\Redis-x64-3.2.100;D:\apache-maven-3.6.1\bin;D:\MySQL\mysql-8.0.17-winx64\bin;C:\Program Files\Java\jdk1.8.0_101\bin;C:\Program Files\Java\jdk1.8.0_101\jre\bin;F:\erl10.5\bin;F:\nodejs\;F:\Git\cmd;F:\apache-jmeter-5.1.1\bin;F:\TortoiseGit\bin;F:\nodejs\node_global;F:\nodejs\node_global\node_modules;C:\Users\61035\AppData\Local\Microsoft\WindowsApps;F:\nodejs\node_global;;."/>
    <property name="java.vm.info" value="mixed mode"/>
    <property name="java.vendor" value="Oracle Corporation"/>
    <property name="java.vm.version" value="25.101-b13"/>
    <property name="java.ext.dirs" value="C:\Program Files\Java\jdk1.8.0_101\jre\lib\ext;C:\Windows\Sun\Java\lib\ext"/>
    <property name="sun.io.unicode.encoding" value="UnicodeLittle"/>
    <property name="java.class.version" value="52.0"/>
  </properties>
  <testcase name="testRedis" classname="com.shaoshuai.myblog.SpringBootConfigApplicationTests" time="2.165">
    <error message="Cannot get Jedis connection; nested exception is redis.clients.jedis.exceptions.JedisConnectionException: Could not get a resource from the pool" type="org.springframework.data.redis.RedisConnectionFailureException">org.springframework.data.redis.RedisConnectionFailureException: Cannot get Jedis connection; nested exception is redis.clients.jedis.exceptions.JedisConnectionException: Could not get a resource from the pool
	at com.shaoshuai.myblog.SpringBootConfigApplicationTests.testRedis(SpringBootConfigApplicationTests.java:77)
Caused by: redis.clients.jedis.exceptions.JedisConnectionException: Could not get a resource from the pool
	at com.shaoshuai.myblog.SpringBootConfigApplicationTests.testRedis(SpringBootConfigApplicationTests.java:77)
Caused by: redis.clients.jedis.exceptions.JedisConnectionException: java.net.ConnectException: Connection refused: connect
	at com.shaoshuai.myblog.SpringBootConfigApplicationTests.testRedis(SpringBootConfigApplicationTests.java:77)
Caused by: java.net.ConnectException: Connection refused: connect
	at com.shaoshuai.myblog.SpringBootConfigApplicationTests.testRedis(SpringBootConfigApplicationTests.java:77)
</error>
    <system-out><![CDATA[
  .   ____          _            __ _ _
 /\\ / ___'_ __ _ _(_)_ __  __ _ \ \ \ \
( ( )\___ | '_ | '_| | '_ \/ _` | \ \ \ \
 \\/  ___)| |_)| | | | | || (_| |  ) ) ) )
  '  |____| .__|_| |_|_| |_\__, | / / / /
 =========|_|==============|___/=/_/_/_/
 :: Spring Boot ::        (v2.0.3.RELEASE)

[15:09:28.502 INFO ] [main] shaoshuai.myblog.SpringBootConfigApplicationTests - Starting SpringBootConfigApplicationTests on DESKTOP-UKRCFHO with PID 6244 (started by 61035 in E:\new-repository\myblog)
[15:09:28.518 INFO ] [main] shaoshuai.myblog.SpringBootConfigApplicationTests - The following profiles are active: dev
[15:09:28.565 INFO ] [main] context.support.GenericWebApplicationContext - Refreshing org.springframework.web.context.support.GenericWebApplicationContext@8c11eee: startup date [Sat Nov 09 15:09:28 CST 2019]; root of context hierarchy
[15:09:29.403 INFO ] [main] repository.config.RepositoryConfigurationDelegate - Multiple Spring Data modules found, entering strict repository configuration mode!
[15:09:29.441 INFO ] [main] repository.config.RepositoryConfigurationDelegate - Multiple Spring Data modules found, entering strict repository configuration mode!
[15:09:30.045 INFO ] [main] context.support.PostProcessorRegistrationDelegate$BeanPostProcessorChecker - Bean 'org.springframework.amqp.rabbit.annotation.RabbitBootstrapConfiguration' of type [org.springframework.amqp.rabbit.annotation.RabbitBootstrapConfiguration$$EnhancerBySpringCGLIB$$69c5d177] is not eligible for getting processed by all BeanPostProcessors (for example: not eligible for auto-proxying)
[15:09:30.186 INFO ] [main] context.support.PostProcessorRegistrationDelegate$BeanPostProcessorChecker - Bean 'shiroConfig' of type [com.shaoshuai.myblog.config.ShiroConfig$$EnhancerBySpringCGLIB$$c745f91f] is not eligible for getting processed by all BeanPostProcessors (for example: not eligible for auto-proxying)
[15:09:30.202 INFO ] [main] context.support.PostProcessorRegistrationDelegate$BeanPostProcessorChecker - Bean 'redisCacheConfig' of type [com.shaoshuai.myblog.config.RedisCacheConfig$$EnhancerBySpringCGLIB$$82afbff9] is not eligible for getting processed by all BeanPostProcessors (for example: not eligible for auto-proxying)
[15:09:30.217 INFO ] [main] context.support.PostProcessorRegistrationDelegate$BeanPostProcessorChecker - Bean 'org.springframework.transaction.annotation.ProxyTransactionManagementConfiguration' of type [org.springframework.transaction.annotation.ProxyTransactionManagementConfiguration$$EnhancerBySpringCGLIB$$a35a1349] is not eligible for getting processed by all BeanPostProcessors (for example: not eligible for auto-proxying)
[15:09:30.264 INFO ] [main] context.support.PostProcessorRegistrationDelegate$BeanPostProcessorChecker - Bean 'keyGenerator' of type [com.shaoshuai.myblog.config.RedisCacheConfig$$Lambda$219/542598487] is not eligible for getting processed by all BeanPostProcessors (for example: not eligible for auto-proxying)
[15:09:30.358 INFO ] [main] context.support.PostProcessorRegistrationDelegate$BeanPostProcessorChecker - Bean 'org.springframework.boot.context.properties.ConversionServiceDeducer$Factory' of type [org.springframework.boot.context.properties.ConversionServiceDeducer$Factory] is not eligible for getting processed by all BeanPostProcessors (for example: not eligible for auto-proxying)
[15:09:30.373 INFO ] [main] context.support.PostProcessorRegistrationDelegate$BeanPostProcessorChecker - Bean 'mybatis-org.mybatis.spring.boot.autoconfigure.MybatisProperties' of type [org.mybatis.spring.boot.autoconfigure.MybatisProperties] is not eligible for getting processed by all BeanPostProcessors (for example: not eligible for auto-proxying)
[15:09:30.389 INFO ] [main] context.support.PostProcessorRegistrationDelegate$BeanPostProcessorChecker - Bean 'mybatisConfig' of type [com.shaoshuai.myblog.config.MybatisConfig$$EnhancerBySpringCGLIB$$d3239a41] is not eligible for getting processed by all BeanPostProcessors (for example: not eligible for auto-proxying)
[15:09:30.405 INFO ] [main] context.support.PostProcessorRegistrationDelegate$BeanPostProcessorChecker - Bean 'configurationCustomizer' of type [com.shaoshuai.myblog.config.MybatisConfig$1] is not eligible for getting processed by all BeanPostProcessors (for example: not eligible for auto-proxying)
[15:09:30.405 INFO ] [main] context.support.PostProcessorRegistrationDelegate$BeanPostProcessorChecker - Bean 'org.mybatis.spring.boot.autoconfigure.MybatisAutoConfiguration' of type [org.mybatis.spring.boot.autoconfigure.MybatisAutoConfiguration$$EnhancerBySpringCGLIB$$d62e6479] is not eligible for getting processed by all BeanPostProcessors (for example: not eligible for auto-proxying)
[15:09:30.420 INFO ] [main] context.support.PostProcessorRegistrationDelegate$BeanPostProcessorChecker - Bean 'druidConfig' of type [com.shaoshuai.myblog.config.DruidConfig$$EnhancerBySpringCGLIB$$1bec5c90] is not eligible for getting processed by all BeanPostProcessors (for example: not eligible for auto-proxying)
[15:09:30.522 INFO ] [main] context.support.PostProcessorRegistrationDelegate$BeanPostProcessorChecker - Bean 'druid' of type [com.alibaba.druid.pool.DruidDataSource] is not eligible for getting processed by all BeanPostProcessors (for example: not eligible for auto-proxying)
[15:09:30.569 INFO ] [main] context.support.PostProcessorRegistrationDelegate$BeanPostProcessorChecker - Bean 'spring.datasource-org.springframework.boot.autoconfigure.jdbc.DataSourceProperties' of type [org.springframework.boot.autoconfigure.jdbc.DataSourceProperties] is not eligible for getting processed by all BeanPostProcessors (for example: not eligible for auto-proxying)
[15:09:30.569 INFO ] [main] context.support.PostProcessorRegistrationDelegate$BeanPostProcessorChecker - Bean 'org.springframework.boot.autoconfigure.jdbc.DataSourceInitializerInvoker' of type [org.springframework.boot.autoconfigure.jdbc.DataSourceInitializerInvoker] is not eligible for getting processed by all BeanPostProcessors (for example: not eligible for auto-proxying)
Logging initialized using 'class org.apache.ibatis.logging.stdout.StdOutImpl' adapter.
[15:09:30.757 INFO ] [main] context.support.PostProcessorRegistrationDelegate$BeanPostProcessorChecker - Bean 'sqlSessionFactory' of type [org.apache.ibatis.session.defaults.DefaultSqlSessionFactory] is not eligible for getting processed by all BeanPostProcessors (for example: not eligible for auto-proxying)
[15:09:30.772 INFO ] [main] context.support.PostProcessorRegistrationDelegate$BeanPostProcessorChecker - Bean 'sqlSessionTemplate' of type [org.mybatis.spring.SqlSessionTemplate] is not eligible for getting processed by all BeanPostProcessors (for example: not eligible for auto-proxying)
[15:09:30.788 INFO ] [main] context.support.PostProcessorRegistrationDelegate$BeanPostProcessorChecker - Bean 'userMapper' of type [org.mybatis.spring.mapper.MapperFactoryBean] is not eligible for getting processed by all BeanPostProcessors (for example: not eligible for auto-proxying)
[15:09:30.788 INFO ] [main] context.support.PostProcessorRegistrationDelegate$BeanPostProcessorChecker - Bean 'userMapper' of type [com.sun.proxy.$Proxy99] is not eligible for getting processed by all BeanPostProcessors (for example: not eligible for auto-proxying)
[15:09:30.788 INFO ] [main] context.support.PostProcessorRegistrationDelegate$BeanPostProcessorChecker - Bean 'userServiceImpl' of type [com.shaoshuai.myblog.service.impl.UserServiceImpl] is not eligible for getting processed by all BeanPostProcessors (for example: not eligible for auto-proxying)
[15:09:30.819 INFO ] [main] context.support.PostProcessorRegistrationDelegate$BeanPostProcessorChecker - Bean 'realm' of type [com.shaoshuai.myblog.realm.UserRealm] is not eligible for getting processed by all BeanPostProcessors (for example: not eligible for auto-proxying)
[15:09:31.273 INFO ] [main] context.support.PostProcessorRegistrationDelegate$BeanPostProcessorChecker - Bean 'manager' of type [org.apache.shiro.web.mgt.DefaultWebSecurityManager] is not eligible for getting processed by all BeanPostProcessors (for example: not eligible for auto-proxying)
[15:09:31.632 INFO ] [main] rabbit.connection.CachingConnectionFactory - Attempting to connect to: [127.0.0.1]
[15:09:31.679 INFO ] [main] rabbit.connection.CachingConnectionFactory - Created new connection: connectionFactory#1220ef43:0/SimpleConnection@1860f3be [delegate=amqp://guest@127.0.0.1:5672/, localPort= 52637]
[15:09:31.836 INFO ] [main] myblog.util.LogUtil - 自定义RedisCacheManager加载完成
[15:09:31.952 INFO ] [main] method.annotation.RequestMappingHandlerMapping - Mapped "{[/toPage/{page}],methods=[GET]}" onto public java.lang.String com.shaoshuai.myblog.action.CommonController.pageJump(java.lang.String)
[15:09:31.952 INFO ] [main] method.annotation.RequestMappingHandlerMapping - Mapped "{[/mul]}" onto public int com.shaoshuai.myblog.action.CommonController.mulParam(int)
[15:09:31.952 INFO ] [main] method.annotation.RequestMappingHandlerMapping - Mapped "{[/],methods=[GET]}" onto public java.lang.String com.shaoshuai.myblog.action.CommonController.indexPage(org.springframework.ui.Model)
[15:09:31.952 INFO ] [main] method.annotation.RequestMappingHandlerMapping - Mapped "{[/404],methods=[GET]}" onto public java.lang.String com.shaoshuai.myblog.action.CommonController.to404()
[15:09:31.952 INFO ] [main] method.annotation.RequestMappingHandlerMapping - Mapped "{[/getTuserById]}" onto public com.shaoshuai.myblog.entity.Tuser com.shaoshuai.myblog.action.HelloAction.getTuserById(java.lang.Integer)
[15:09:31.967 INFO ] [main] method.annotation.RequestMappingHandlerMapping - Mapped "{[/success]}" onto public java.lang.String com.shaoshuai.myblog.action.HelloAction.success()
[15:09:31.967 INFO ] [main] method.annotation.RequestMappingHandlerMapping - Mapped "{[/getUserById]}" onto public java.util.Map com.shaoshuai.myblog.action.HelloAction.getUserById(java.lang.Integer)
[15:09:31.967 INFO ] [main] method.annotation.RequestMappingHandlerMapping - Mapped "{[/home/welcome],methods=[GET]}" onto public java.lang.String com.shaoshuai.myblog.action.HelloAction.homePage()
[15:09:31.967 INFO ] [main] method.annotation.RequestMappingHandlerMapping - Mapped "{[/helloName],methods=[GET]}" onto java.lang.String com.shaoshuai.myblog.action.HelloAction.testHelloName(javax.servlet.http.HttpServletRequest)
[15:09:31.967 INFO ] [main] method.annotation.RequestMappingHandlerMapping - Mapped "{[/sayHello]}" onto public java.lang.String com.shaoshuai.myblog.action.HelloAction.sayHello()
[15:09:31.967 INFO ] [main] method.annotation.RequestMappingHandlerMapping - Mapped "{[/hello]}" onto public java.lang.String com.shaoshuai.myblog.action.HelloAction.helloWorld(java.lang.String)
[15:09:31.967 INFO ] [main] method.annotation.RequestMappingHandlerMapping - Mapped "{[/device]}" onto public java.lang.String com.shaoshuai.myblog.action.HelloAction.detectDevice(javax.servlet.http.HttpServletRequest,javax.servlet.http.HttpServletResponse)
[15:09:31.967 INFO ] [main] method.annotation.RequestMappingHandlerMapping - Mapped "{[/getJwtToken]}" onto public java.lang.String com.shaoshuai.myblog.action.HelloAction.getJwtToken()
[15:09:31.983 INFO ] [main] method.annotation.RequestMappingHandlerMapping - Mapped "{[/error-404]}" onto public java.lang.String com.shaoshuai.myblog.action.MyErrorPageController.toPage404()
[15:09:31.983 INFO ] [main] method.annotation.RequestMappingHandlerMapping - Mapped "{[/error-500]}" onto public java.lang.String com.shaoshuai.myblog.action.MyErrorPageController.toPage500()
[15:09:31.983 INFO ] [main] method.annotation.RequestMappingHandlerMapping - Mapped "{[/error-400]}" onto public java.lang.String com.shaoshuai.myblog.action.MyErrorPageController.toPage400()
[15:09:31.983 INFO ] [main] method.annotation.RequestMappingHandlerMapping - Mapped "{[/resouces/a],methods=[GET]}" onto public java.lang.String com.shaoshuai.myblog.action.Resouces.resA()
[15:09:31.998 INFO ] [main] method.annotation.RequestMappingHandlerMapping - Mapped "{[/resouces/b],methods=[GET]}" onto public java.lang.String com.shaoshuai.myblog.action.Resouces.resB()
[15:09:31.998 INFO ] [main] method.annotation.RequestMappingHandlerMapping - Mapped "{[/resouces/haveNoPer],methods=[GET]}" onto public java.lang.String com.shaoshuai.myblog.action.Resouces.haveNoPer()
[15:09:31.998 INFO ] [main] method.annotation.RequestMappingHandlerMapping - Mapped "{[/upload],methods=[GET]}" onto public java.lang.String com.shaoshuai.myblog.action.UploadController.fileUp()
[15:09:31.998 INFO ] [main] method.annotation.RequestMappingHandlerMapping - Mapped "{[/upload],methods=[POST]}" onto public com.shaoshuai.myblog.entity.InfoMsg com.shaoshuai.myblog.action.UploadController.fileUpload(org.springframework.web.multipart.MultipartFile)
[15:09:31.998 INFO ] [main] method.annotation.RequestMappingHandlerMapping - Mapped "{[/userRegister],methods=[POST]}" onto public java.lang.String com.shaoshuai.myblog.action.UserController.userRegister(com.shaoshuai.myblog.entity.User,org.springframework.ui.Model)
[15:09:31.998 INFO ] [main] method.annotation.RequestMappingHandlerMapping - Mapped "{[/userLogin],methods=[POST]}" onto public java.lang.String com.shaoshuai.myblog.action.UserController.userLogin(com.shaoshuai.myblog.entity.User,org.springframework.ui.Model)
[15:09:32.014 INFO ] [main] method.annotation.RequestMappingHandlerMapping - Mapped "{[/error]}" onto public org.springframework.http.ResponseEntity<java.util.Map<java.lang.String, java.lang.Object>> org.springframework.boot.autoconfigure.web.servlet.error.BasicErrorController.error(javax.servlet.http.HttpServletRequest)
[15:09:32.030 INFO ] [main] method.annotation.RequestMappingHandlerMapping - Mapped "{[/error],produces=[text/html]}" onto public org.springframework.web.servlet.ModelAndView org.springframework.boot.autoconfigure.web.servlet.error.BasicErrorController.errorHtml(javax.servlet.http.HttpServletRequest,javax.servlet.http.HttpServletResponse)
[15:09:32.093 INFO ] [main] servlet.handler.SimpleUrlHandlerMapping - Mapped URL path [/**] onto handler of type [class org.springframework.web.servlet.resource.ResourceHttpRequestHandler]
[15:09:32.328 INFO ] [main] method.annotation.RequestMappingHandlerAdapter - Looking for @ControllerAdvice: org.springframework.web.context.support.GenericWebApplicationContext@8c11eee: startup date [Sat Nov 09 15:09:28 CST 2019]; root of context hierarchy
[15:09:32.390 INFO ] [main] method.annotation.ExceptionHandlerExceptionResolver - Detected @ExceptionHandler methods in globalExceptionHandler
[15:09:33.346 INFO ] [main] elasticsearch.plugins.PluginsService - no modules loaded
[15:09:33.346 INFO ] [main] elasticsearch.plugins.PluginsService - loaded plugin [org.elasticsearch.index.reindex.ReindexPlugin]
[15:09:33.346 INFO ] [main] elasticsearch.plugins.PluginsService - loaded plugin [org.elasticsearch.join.ParentJoinPlugin]
[15:09:33.346 INFO ] [main] elasticsearch.plugins.PluginsService - loaded plugin [org.elasticsearch.percolator.PercolatorPlugin]
[15:09:33.346 INFO ] [main] elasticsearch.plugins.PluginsService - loaded plugin [org.elasticsearch.script.mustache.MustachePlugin]
[15:09:33.346 INFO ] [main] elasticsearch.plugins.PluginsService - loaded plugin [org.elasticsearch.transport.Netty4Plugin]
[15:09:34.409 INFO ] [main] util.internal.PlatformDependent - Your platform does not provide complete low-level API for accessing direct buffers reliably. Unless explicitly requested, heap buffer will always be preferred to avoid potential system instability.
[15:09:34.760 INFO ] [main] elasticsearch.client.TransportClientFactoryBean - adding transport node : 192.168.31.224:9300
[15:09:56.848 INFO ] [main] context.support.DefaultLifecycleProcessor - Starting beans in phase 2147483647
[15:09:56.848 INFO ] [main] scheduling.annotation.ScheduledAnnotationBeanPostProcessor - No TaskScheduler/ScheduledExecutorService bean found for scheduled processing
[15:09:56.864 INFO ] [main] shaoshuai.myblog.SpringBootConfigApplicationTests - Started SpringBootConfigApplicationTests in 28.737 seconds (JVM running for 29.736)
]]></system-out>
  </testcase>
  <testcase name="contextLoads2" classname="com.shaoshuai.myblog.SpringBootConfigApplicationTests" time="0.57"/>
  <testcase name="testRabbitMq" classname="com.shaoshuai.myblog.SpringBootConfigApplicationTests" time="0.031"/>
  <testcase name="receive" classname="com.shaoshuai.myblog.SpringBootConfigApplicationTests" time="0.016"/>
  <testcase name="sendMail" classname="com.shaoshuai.myblog.SpringBootConfigApplicationTests" time="21.38"/>
  <testcase name="testLog4j2" classname="com.shaoshuai.myblog.SpringBootConfigApplicationTests" time="0"/>
  <testcase name="sendMsg" classname="com.shaoshuai.myblog.SpringBootConfigApplicationTests" time="0.016"/>
</testsuite>